abr 10, 2025 11:04:30 P. M. proyecto.PSP_Tarea06 main
WARNING: Inicio del ejercicio
abr 10, 2025 11:04:30 P. M. proyecto.PSP_Tarea06 main
FINEST: Clase Scanner creada
abr 10, 2025 11:04:39 P. M. proyecto.PSP_Tarea06 main
FINEST: Introducción por teclado
abr 10, 2025 11:12:55 P. M. proyecto.PSP_Tarea06 main
FINEST: Inicio del ejercicio
abr 10, 2025 11:12:55 P. M. proyecto.PSP_Tarea06 main
FINEST: Clase Scanner creada
abr 10, 2025 11:12:55 P. M. proyecto.PSP_Tarea06 main
FINEST: Introducción del USUARIO por teclado
abr 10, 2025 11:13:00 P. M. proyecto.PSP_Tarea06 main
FINEST: USUARIO VALIDO
abr 10, 2025 11:13:00 P. M. proyecto.PSP_Tarea06 main
FINEST: Introducción del FICHERO por teclado
abr 10, 2025 11:13:04 P. M. proyecto.PSP_Tarea06 main
FINEST: ARCHIVO VALIDO
abr 10, 2025 11:13:04 P. M. proyecto.PSP_Tarea06 main
FINEST: ARCHIVO EXISTE
abr 10, 2025 11:13:04 P. M. proyecto.PSP_Tarea06 main
FINEST: ARCHIVO MOSTRADO POR PANTALLA
abr 10, 2025 11:17:10 P. M. proyecto.PSP_Tarea06 main
FINEST: Inicio del ejercicio
abr 10, 2025 11:17:10 P. M. proyecto.PSP_Tarea06 main
FINEST: Clase Scanner creada
abr 10, 2025 11:17:10 P. M. proyecto.PSP_Tarea06 main
FINEST: Introducción del USUARIO por teclado
abr 10, 2025 11:17:13 P. M. proyecto.PSP_Tarea06 main
SEVERE: USUARIO NO ES VALIDO
abr 10, 2025 11:17:30 P. M. proyecto.PSP_Tarea06 main
FINEST: Inicio del ejercicio
abr 10, 2025 11:17:30 P. M. proyecto.PSP_Tarea06 main
FINEST: Clase Scanner creada
abr 10, 2025 11:17:30 P. M. proyecto.PSP_Tarea06 main
FINEST: Introducción del USUARIO por teclado
abr 10, 2025 11:17:36 P. M. proyecto.PSP_Tarea06 main
FINEST: USUARIO VALIDO
abr 10, 2025 11:17:36 P. M. proyecto.PSP_Tarea06 main
FINEST: Introducción del FICHERO por teclado
abr 10, 2025 11:17:40 P. M. proyecto.PSP_Tarea06 main
SEVERE: ARCHIVO NO ES VALIDO
abr 12, 2025 8:19:15 P. M. proyecto.PSP_Tarea06 main
FINEST: Inicio del ejercicio
abr 12, 2025 8:19:15 P. M. proyecto.PSP_Tarea06 main
FINEST: Clase Scanner creada
abr 12, 2025 8:19:15 P. M. proyecto.PSP_Tarea06 main
FINEST: Introducción del USUARIO por teclado
